Started by user admin
Running as SYSTEM
Building in workspace /Users/Melody/.jenkins/workspace/ecommerce
No credentials specified
 > /usr/local/bin/git rev-parse --is-inside-work-tree # timeout=10
Fetching changes from the remote Git repository
 > /usr/local/bin/git config remote.origin.url https://github.com/wyjsusan/eCommerce-Application.git # timeout=10
Fetching upstream changes from https://github.com/wyjsusan/eCommerce-Application.git
 > /usr/local/bin/git --version # timeout=10
 > /usr/local/bin/git fetch --tags --force --progress -- https://github.com/wyjsusan/eCommerce-Application.git +refs/heads/*:refs/remotes/origin/* # timeout=10
 > /usr/local/bin/git rev-parse refs/remotes/origin/master^{commit} # timeout=10
 > /usr/local/bin/git rev-parse refs/remotes/origin/origin/master^{commit} # timeout=10
Checking out Revision 1dd8d57845d5dcd5043162203dc02c8847a0ac7d (refs/remotes/origin/master)
 > /usr/local/bin/git config core.sparsecheckout # timeout=10
 > /usr/local/bin/git checkout -f 1dd8d57845d5dcd5043162203dc02c8847a0ac7d # timeout=10
Commit message: "Chore: add jenkins build success file."
 > /usr/local/bin/git rev-list --no-walk 3c45e8d258885f43e7161f817cb9ffb91b42e9e3 # timeout=10
[ecommerce] $ /Users/Melody/.jenkins/tools/hudson.tasks.Maven_MavenInstallation/MAVEN_3.6.3/bin/mvn -f pom.xml package
[INFO] Scanning for projects...
[WARNING]
[WARNING] Some problems were encountered while building the effective model for com.example:auth-course:jar:0.0.1-SNAPSHOT
[WARNING] 'dependencies.dependency.version' for org.junit.jupiter:junit-jupiter:jar is either LATEST or RELEASE (both of them are being deprecated) @ line 70, column 13
[WARNING]
[WARNING] It is highly recommended to fix these problems because they threaten the stability of your build.
[WARNING]
[WARNING] For this reason, future Maven versions might no longer support building such malformed projects.
[WARNING]
[INFO]
[INFO] ----------------------< com.example:auth-course >-----------------------
[INFO] Building auth-course 0.0.1-SNAPSHOT
[INFO] --------------------------------[ jar ]---------------------------------
[INFO]
[INFO] --- maven-resources-plugin:3.1.0:resources (default-resources) @ auth-course ---
[INFO] Using 'UTF-8' encoding to copy filtered resources.
[INFO] Copying 1 resource
[INFO] Copying 1 resource
[INFO]
[INFO] --- maven-compiler-plugin:3.8.1:compile (default-compile) @ auth-course ---
[INFO] Nothing to compile - all classes are up to date
[INFO]
[INFO] --- maven-resources-plugin:3.1.0:testResources (default-testResources) @ auth-course ---
[INFO] Using 'UTF-8' encoding to copy filtered resources.
[INFO] skip non existing resourceDirectory /Users/Melody/.jenkins/workspace/eCommerce/src/test/resources
[INFO]
[INFO] --- maven-compiler-plugin:3.8.1:testCompile (default-testCompile) @ auth-course ---
[INFO] Nothing to compile - all classes are up to date
[INFO]
[INFO] --- maven-surefire-plugin:2.22.2:test (default-test) @ auth-course ---
[INFO]
[INFO] -------------------------------------------------------
[INFO]  T E S T S
[INFO] -------------------------------------------------------
[INFO] Running com.example.demo.controllers.UserControllerTest
SLF4J: Class path contains multiple SLF4J bindings.
SLF4J: Found binding in [jar:file:/Users/Melody/.m2/repository/ch/qos/logback/logback-classic/1.2.3/logback-classic-1.2.3.jar!/org/slf4j/impl/StaticLoggerBinder.class]
SLF4J: Found binding in [jar:file:/Users/Melody/.m2/repository/org/slf4j/slf4j-log4j12/1.7.30/slf4j-log4j12-1.7.30.jar!/org/slf4j/impl/StaticLoggerBinder.class]
SLF4J: See http://www.slf4j.org/codes.html#multiple_bindings for an explanation.
SLF4J: Actual binding is of type [ch.qos.logback.classic.util.ContextSelectorStaticBinder]
21:28:51.873 [main] INFO com.example.demo.controllers.UserController - id 1 is used for find user
21:28:51.917 [main] INFO com.example.demo.controllers.UserController - Username testUser is used for find user
21:28:51.921 [main] INFO com.example.demo.controllers.UserController - User name set with test.
21:28:51.922 [main] INFO com.example.demo.controllers.UserController - CreateUser success: User test created with requested username, cart, and encoded password
[INFO] Tests run: 3, Failures: 0, Errors: 0, Skipped: 0, Time elapsed: 0.658 s - in com.example.demo.controllers.UserControllerTest
[INFO] Running com.example.demo.controllers.ItemControllerTest
[INFO] Tests run: 3, Failures: 0, Errors: 0, Skipped: 0, Time elapsed: 0.01 s - in com.example.demo.controllers.ItemControllerTest
[INFO] Running com.example.demo.controllers.CartControllerTest
21:28:51.999 [main] INFO com.example.demo.controllers.OrderController - user user add items to cart.
21:28:52.001 [main] INFO com.example.demo.controllers.OrderController - user user remove items from cart
[INFO] Tests run: 2, Failures: 0, Errors: 0, Skipped: 0, Time elapsed: 0.005 s - in com.example.demo.controllers.CartControllerTest
[INFO] Running com.example.demo.controllers.OrderControllerTest
21:28:52.067 [main] INFO com.example.demo.controllers.OrderController - User user  submit an order
21:28:52.069 [main] INFO com.example.demo.controllers.OrderController - find user testUser  orders
[Lcom.example.demo.model.persistence.UserOrder;@63a270c9
[INFO] Tests run: 2, Failures: 0, Errors: 0, Skipped: 0, Time elapsed: 0.062 s - in com.example.demo.controllers.OrderControllerTest
[INFO]
[INFO] Results:
[INFO]
[INFO] Tests run: 10, Failures: 0, Errors: 0, Skipped: 0
[INFO]
[INFO]
[INFO] --- maven-jar-plugin:3.1.1:jar (default-jar) @ auth-course ---
[INFO] Building jar: /Users/Melody/.jenkins/workspace/eCommerce/target/auth-course-0.0.1-SNAPSHOT.jar
[INFO]
[INFO] --- spring-boot-maven-plugin:2.1.5.RELEASE:repackage (repackage) @ auth-course ---
[INFO] Replacing main artifact with repackaged archive
[INFO] ------------------------------------------------------------------------
[INFO] BUILD SUCCESS
[INFO] ------------------------------------------------------------------------
[INFO] Total time:  6.378 s
[INFO] Finished at: 2020-02-14T21:28:54-08:00
[INFO] ------------------------------------------------------------------------
Finished: SUCCESS
